-------------------------------------------------------------------------------
Test set: TestForBBS
-------------------------------------------------------------------------------
Tests run: 8, Failures: 1, Errors: 0, Skipped: 0, Time elapsed: 0.576 s <<< FAILURE! - in TestForBBS
testForSeries4(TestForBBS)  Time elapsed: 0.058 s  <<< FAILURE!
java.lang.AssertionError
	at TestForBBS.testForSeries4(TestForBBS.java:87)

